mode: atomic
github.com/zyrthi-io/zyrthi-platform-esp32/plugin/protocol.go:36.44,39.23 3 5
github.com/zyrthi-io/zyrthi-platform-esp32/plugin/protocol.go:39.23,40.12 1 12
github.com/zyrthi-io/zyrthi-platform-esp32/plugin/protocol.go:41.16,44.10 3 3
github.com/zyrthi-io/zyrthi-platform-esp32/plugin/protocol.go:45.16,48.10 3 2
github.com/zyrthi-io/zyrthi-platform-esp32/plugin/protocol.go:49.11,51.7 2 7
github.com/zyrthi-io/zyrthi-platform-esp32/plugin/protocol.go:54.2,55.14 2 5
github.com/zyrthi-io/zyrthi-platform-esp32/plugin/protocol.go:63.39,64.20 1 4
github.com/zyrthi-io/zyrthi-platform-esp32/plugin/protocol.go:64.20,66.3 1 2
github.com/zyrthi-io/zyrthi-platform-esp32/plugin/protocol.go:67.2,68.25 2 2
github.com/zyrthi-io/zyrthi-platform-esp32/plugin/protocol.go:68.25,70.26 2 37
github.com/zyrthi-io/zyrthi-platform-esp32/plugin/protocol.go:70.26,71.18 1 296
github.com/zyrthi-io/zyrthi-platform-esp32/plugin/protocol.go:71.18,73.5 1 142
github.com/zyrthi-io/zyrthi-platform-esp32/plugin/protocol.go:73.10,75.5 1 154
github.com/zyrthi-io/zyrthi-platform-esp32/plugin/protocol.go:78.2,78.25 1 2
github.com/zyrthi-io/zyrthi-platform-esp32/plugin/protocol.go:86.57,98.2 11 2
github.com/zyrthi-io/zyrthi-platform-esp32/plugin/protocol.go:105.34,113.2 1 1
github.com/zyrthi-io/zyrthi-platform-esp32/plugin/protocol.go:130.48,139.2 1 1
github.com/zyrthi-io/zyrthi-platform-esp32/plugin/protocol.go:154.58,161.2 1 1
github.com/zyrthi-io/zyrthi-platform-esp32/plugin/protocol.go:168.46,169.12 1 3
github.com/zyrthi-io/zyrthi-platform-esp32/plugin/protocol.go:169.12,171.3 1 1
github.com/zyrthi-io/zyrthi-platform-esp32/plugin/protocol.go:172.2,172.27 1 2
github.com/zyrthi-io/zyrthi-platform-esp32/plugin/protocol.go:180.45,182.2 1 5
github.com/zyrthi-io/zyrthi-platform-esp32/plugin/protocol.go:189.28,191.2 1 5
github.com/zyrthi-io/zyrthi-platform-esp32/plugin/protocol.go:204.51,210.2 1 1
github.com/zyrthi-io/zyrthi-platform-esp32/plugin/protocol.go:217.44,223.2 1 1
